[debug] [2025-09-06T08:42:23.521Z] ----------------------------------------------------------------------
[debug] [2025-09-06T08:42:23.525Z] Command:       /opt/homebrew/Cellar/node/24.7.0/bin/node /opt/homebrew/bin/firebase init
[debug] [2025-09-06T08:42:23.525Z] CLI Version:   14.15.2
[debug] [2025-09-06T08:42:23.525Z] Platform:      darwin
[debug] [2025-09-06T08:42:23.525Z] Node Version:  v24.7.0
[debug] [2025-09-06T08:42:23.525Z] Time:          Sat Sep 06 2025 14:12:23 GMT+0530 (India Standard Time)
[debug] [2025-09-06T08:42:23.525Z] ----------------------------------------------------------------------
[debug] 
[debug] [2025-09-06T08:42:23.528Z] > command requires scopes: ["email","openid","https://www.googleapis.com/auth/cloudplatformprojects.readonly","https://www.googleapis.com/auth/firebase","https://www.googleapis.com/auth/cloud-platform"]
[debug] [2025-09-06T08:42:23.528Z] > authorizing via signed-in user (anshul2004ak@gmail.com)
[info] 
     ######## #### ########  ######## ########     ###     ######  ########
     ##        ##  ##     ## ##       ##     ##  ##   ##  ##       ##
     ######    ##  ########  ######   ########  #########  ######  ######
     ##        ##  ##    ##  ##       ##     ## ##     ##       ## ##
     ##       #### ##     ## ######## ########  ##     ##  ######  ########

You're about to initialize a Firebase project in this directory:

  /Users/phenomeon/Odoo-ecoFinds

[info] 
=== Project Setup
[info] 
[info] First, let's associate this project directory with a Firebase project.
[info] You can create multiple project aliases by running firebase use --add, 
[info] but for now we'll just set up a default project.
[info] 
[info] i  If you want to create a project in a Google Cloud organization or folder, please use "firebase projects:create" instead, and return to this command when you've created the project. 
[debug] [2025-09-06T08:47:18.324Z] Checked if tokens are valid: true, expires at: 1757151656550
[debug] [2025-09-06T08:47:18.326Z] Checked if tokens are valid: true, expires at: 1757151656550
[debug] [2025-09-06T08:47:18.330Z] >>> [apiv2][query] POST https://firebase.googleapis.com/v1/projects:checkProjectId [none]
[debug] [2025-09-06T08:47:18.330Z] >>> [apiv2][body] POST https://firebase.googleapis.com/v1/projects:checkProjectId {"proposedId":"ecofinds"}
[debug] [2025-09-06T08:47:19.242Z] <<< [apiv2][status] POST https://firebase.googleapis.com/v1/projects:checkProjectId 200
[debug] [2025-09-06T08:47:19.242Z] <<< [apiv2][body] POST https://firebase.googleapis.com/v1/projects:checkProjectId {"projectIdStatus":"PROJECT_ID_UNAVAILABLE","suggestedProjectId":"ecofinds-636cc"}
[debug] [2025-09-06T08:47:48.337Z] Checked if tokens are valid: true, expires at: 1757151656550
[debug] [2025-09-06T08:47:48.337Z] Checked if tokens are valid: true, expires at: 1757151656550
[debug] [2025-09-06T08:47:48.339Z] >>> [apiv2][query] POST https://firebase.googleapis.com/v1/projects:checkProjectId [none]
[debug] [2025-09-06T08:47:48.339Z] >>> [apiv2][body] POST https://firebase.googleapis.com/v1/projects:checkProjectId {"proposedId":"EcoFinds"}
[debug] [2025-09-06T08:47:48.895Z] <<< [apiv2][status] POST https://firebase.googleapis.com/v1/projects:checkProjectId 200
[debug] [2025-09-06T08:47:48.895Z] <<< [apiv2][body] POST https://firebase.googleapis.com/v1/projects:checkProjectId {"projectIdStatus":"PROJECT_ID_NOT_VALID","suggestedProjectId":"ecofinds-5efdb"}
[debug] [2025-09-06T08:47:59.657Z] Checked if tokens are valid: true, expires at: 1757151656550
[debug] [2025-09-06T08:47:59.657Z] Checked if tokens are valid: true, expires at: 1757151656550
[debug] [2025-09-06T08:47:59.660Z] >>> [apiv2][query] POST https://firebase.googleapis.com/v1/projects:checkProjectId [none]
[debug] [2025-09-06T08:47:59.660Z] >>> [apiv2][body] POST https://firebase.googleapis.com/v1/projects:checkProjectId {"proposedId":"ecofinds_nmit"}
[debug] [2025-09-06T08:48:00.105Z] <<< [apiv2][status] POST https://firebase.googleapis.com/v1/projects:checkProjectId 400
[debug] [2025-09-06T08:48:00.106Z] <<< [apiv2][body] POST https://firebase.googleapis.com/v1/projects:checkProjectId {"error":{"code":400,"message":"Request contains an invalid argument.","status":"INVALID_ARGUMENT"}}
[debug] [2025-09-06T08:48:00.108Z] Couldn't check if project ID ecofinds_nmit is available. Original error: FirebaseError: Failed to check if project ID is available. See firebase-debug.log for more info.
[debug] [2025-09-06T08:48:09.058Z] Checked if tokens are valid: true, expires at: 1757151656550
[debug] [2025-09-06T08:48:09.059Z] Checked if tokens are valid: true, expires at: 1757151656550
[debug] [2025-09-06T08:48:09.059Z] >>> [apiv2][query] POST https://cloudresourcemanager.googleapis.com/v1/projects [none]
[debug] [2025-09-06T08:48:09.059Z] >>> [apiv2][body] POST https://cloudresourcemanager.googleapis.com/v1/projects {"projectId":"ecofinds_nmit","name":"ecofinds_nmit"}
[debug] [2025-09-06T08:48:10.409Z] <<< [apiv2][status] POST https://cloudresourcemanager.googleapis.com/v1/projects 400
[debug] [2025-09-06T08:48:10.410Z] <<< [apiv2][body] POST https://cloudresourcemanager.googleapis.com/v1/projects {"error":{"code":400,"message":"Request contains an invalid argument.","status":"INVALID_ARGUMENT","details":[{"@type":"type.googleapis.com/google.rpc.BadRequest","fieldViolations":[{"field":"project_id","description":"project_id contains invalid characters"},{"field":"display_name","description":"project display name contains invalid characters"}]},{"@type":"type.googleapis.com/google.rpc.Help","links":[{"url":"https://cloud.google.com/resource-manager/reference/rest/v1/projects"}]}]}}
[debug] [2025-09-06T08:48:10.583Z] FirebaseError: Request to https://cloudresourcemanager.googleapis.com/v1/projects had HTTP Error: 400, Request contains an invalid argument.
    at responseToError (/opt/homebrew/lib/node_modules/firebase-tools/lib/responseToError.js:52:12)
    at RetryOperation._fn (/opt/homebrew/lib/node_modules/firebase-tools/lib/apiv2.js:312:77)
    at process.processTicksAndRejections (node:internal/process/task_queues:105:5)
[error] 
[error] Error: Failed to create project. See firebase-debug.log for more info.
